<?xml version="1.0" encoding="UTF-8"?>
<!-- Generated by org.testng.reporters.JUnitReportReporter -->
<testsuite hostname="Gurman-laptop" failures="0" tests="1" name="testng.LoanTest" time="0.003" errors="0" timestamp="12 Apr 2022 23:37:26 GMT" skipped="0">
  <testcase classname="testng.LoanTest" name="CarLoanTest" time="0.003"/>
</testsuite> <!-- testng.LoanTest -->
