<?xml version="1.0" encoding="UTF-8"?>
<!-- Generated by org.testng.reporters.JUnitReportReporter -->
<testsuite hostname="Gurman-laptop" failures="0" tests="1" name="testng.LoginTest" time="38.517" errors="0" timestamp="12 Apr 2022 23:37:26 GMT" skipped="0">
  <testcase classname="testng.LoginTest" name="LoginTestcase" time="38.517"/>
</testsuite> <!-- testng.LoginTest -->
