<?xml version="1.0" encoding="UTF-8"?>
<!-- Generated by org.testng.reporters.JUnitReportReporter -->
<testsuite skipped="0" hostname="Gurman-laptop" name="testng.LoanTest" tests="1" failures="0" timestamp="12 Apr 2022 23:38:59 GMT" time="0.000" errors="0">
  <testcase name="CarLoanTest" time="0.000" classname="testng.LoanTest"/>
</testsuite> <!-- testng.LoanTest -->
