<?xml version="1.0" encoding="UTF-8"?>
<!-- Generated by org.testng.reporters.JUnitReportReporter -->
<testsuite skipped="0" hostname="Gurman-laptop" name="testng.CardTest" tests="1" failures="0" timestamp="12 Apr 2022 23:38:59 GMT" time="0.007" errors="0">
  <testcase name="CreditCardTest" time="0.007" classname="testng.CardTest"/>
</testsuite> <!-- testng.CardTest -->
